2020-06-09 06:35:35 +0000 [MT] Initial pipeline context: <IDEDistributionProcessingPipelineContext: 0x7f8b5900fa60; archive(resolved)='<IDEArchive: 0x7f8b5850cd60>', distributionTask(resolved)='2', distributionDestination(resolved)='1', distributionMethod(resolved)='<IDEDistributionMethodDevelopmentSigned: 0x7f8b539ea0e0>', team(resolved)='<IDEProvisioningBasicTeam: 0x7f8b58178f00; teamID='89W69LHLD3', teamName='(null)'>'>
	Chain (12, self inclusive):
	<IDEDistributionProcessingPipelineContext: 0x7f8b5900fa60; archive = '<IDEArchive: 0x7f8b5850cd60>', distributionMethod='<IDEDistributionMethodDevelopmentSigned: 0x7f8b539ea0e0>', team='<IDEProvisioningBasicTeam: 0x7f8b58178f00; teamID='89W69LHLD3', teamName='(null)'>'>
	<IDEDistributionProcessingPipelineContext: 0x7f8b5900e700; archive = '<IDEArchive: 0x7f8b5850cd60>', distributionMethod='<IDEDistributionMethodDevelopmentSigned: 0x7f8b539ea0e0>', team='<IDEProvisioningBasicTeam: 0x7f8b58178f00; teamID='89W69LHLD3', teamName='(null)'>'>
	<IDEDistributionContext: 0x7f8b5900dfa0; archive = '<IDEArchive: 0x7f8b5850cd60>', distributionMethod='<IDEDistributionMethodDevelopmentSigned: 0x7f8b539ea0e0>', team='<IDEProvisioningBasicTeam: 0x7f8b58178f00; teamID='89W69LHLD3', teamName='(null)'>'>
	<IDEDistributionContext: 0x7f8b5844aba0; archive = '<IDEArchive: 0x7f8b5850cd60>', distributionMethod='<IDEDistributionMethodDevelopmentSigned: 0x7f8b539ea0e0>', team='<IDEProvisioningBasicTeam: 0x7f8b58178f00; teamID='89W69LHLD3', teamName='(null)'>'>
	<IDEDistributionContext: 0x7f8b590094c0; archive = '<IDEArchive: 0x7f8b5850cd60>', distributionMethod='<IDEDistributionMethodDevelopmentSigned: 0x7f8b539ea0e0>', team='<IDEProvisioningBasicTeam: 0x7f8b58178f00; teamID='89W69LHLD3', teamName='(null)'>'>
	<IDEDistributionContext: 0x7f8b58441d90; archive = '<IDEArchive: 0x7f8b5850cd60>', distributionMethod='<IDEDistributionMethodDevelopmentSigned: 0x7f8b539ea0e0>', team='<IDEProvisioningBasicTeam: 0x7f8b58178f00; teamID='89W69LHLD3', teamName='(null)'>'>
	<IDEDistributionContext: 0x7f8b590076b0; archive = '<IDEArchive: 0x7f8b5850cd60>', distributionMethod='<IDEDistributionMethodDevelopmentSigned: 0x7f8b539ea0e0>', team='<IDEProvisioningBasicTeam: 0x7f8b58178f00; teamID='89W69LHLD3', teamName='(null)'>'>
	<IDEDistributionContext: 0x7f8b59006930; archive = '<IDEArchive: 0x7f8b5850cd60>', distributionMethod='<IDEDistributionMethodDevelopmentSigned: 0x7f8b539ea0e0>', team='<IDEProvisioningBasicTeam: 0x7f8b58178f00; teamID='89W69LHLD3', teamName='(null)'>'>
	<IDEDistributionContext: 0x7f8b5843dc00; archive = '<IDEArchive: 0x7f8b5850cd60>', distributionMethod='<IDEDistributionMethodDevelopmentSigned: 0x7f8b539ea0e0>', team='<IDEProvisioningBasicTeam: 0x7f8b58178f00; teamID='89W69LHLD3', teamName='(null)'>'>
	<IDEDistributionContext: 0x7f8b58443e80; archive = '<IDEArchive: 0x7f8b5850cd60>', distributionMethod='<IDEDistributionMethodDevelopmentSigned: 0x7f8b539ea0e0>', team='(null)'>
	<IDEDistributionContext: 0x7f8b5851b4d0; archive = '<IDEArchive: 0x7f8b5850cd60>', distributionMethod='<IDEDistributionMethodDevelopmentSigned: 0x7f8b539ea0e0>', team='(null)'>
	<IDEDistributionContext: 0x7f8b5850d5e0; archive = '<IDEArchive: 0x7f8b5850cd60>', distributionMethod='(null)', team='(null)'>
</IDEDistributionProcessingPipelineContext: 0x7f8b5900fa60>
2020-06-09 06:35:35 +0000 [MT] Processing step: IDEDistributionCreateDestRootStep
2020-06-09 06:35:35 +0000 [MT] Processing step: IDEDistributionCopyItemStep
2020-06-09 06:35:35 +0000 [MT] Running /usr/bin/ditto '-V' '/Users/eagleychen/Desktop/tencent/iot-ios-ll/TenextCloud.xcarchive/Products/Applications/腾讯连连.app' '/var/folders/hg/dr69251j0633c3xhpkc26zgw0000gn/T/XcodeDistPipeline.~~~QvqHPC/Root/Payload/腾讯连连.app'
2020-06-09 06:35:35 +0000  >>> Copying /Users/eagleychen/Desktop/tencent/iot-ios-ll/TenextCloud.xcarchive/Products/Applications/腾讯连连.app 
2020-06-09 06:35:35 +0000  copying file ./WCMessageInviteCell.nib ... 
2020-06-09 06:35:35 +0000  6538 bytes for ./WCMessageInviteCell.nib
2020-06-09 06:35:35 +0000  copying file ./_CodeSignature/CodeResources ... 
2020-06-09 06:35:35 +0000  36862 bytes for ./_CodeSignature/CodeResources
2020-06-09 06:35:35 +0000  copying file ./WCMediumCell.nib/objects-11.0+.nib ... 
2020-06-09 06:35:35 +0000  5832 bytes for ./WCMediumCell.nib/objects-11.0+.nib
copying file ./WCMediumCell.nib/runtime.nib ... 
2020-06-09 06:35:35 +0000  5798 bytes for ./WCMediumCell.nib/runtime.nib
copying file ./WCMediumCell.nib/objects-12.3+.nib ... 
2020-06-09 06:35:35 +0000  6042 bytes for ./WCMediumCell.nib/objects-12.3+.nib
2020-06-09 06:35:35 +0000  copying file ./img_1.png ... 
2020-06-09 06:35:35 +0000  203930 bytes for ./img_1.png
2020-06-09 06:35:35 +0000  copying file ./WCRoomCell.nib ... 
2020-06-09 06:35:35 +0000  4072 bytes for ./WCRoomCell.nib
2020-06-09 06:35:35 +0000  copying file ./zh-Hans.lproj/LaunchScreen.strings ... 
2020-06-09 06:35:35 +0000  1 bytes for ./zh-Hans.lproj/LaunchScreen.strings
2020-06-09 06:35:35 +0000  copying file ./zh-Hans.lproj/Localizable.strings ... 
2020-06-09 06:35:35 +0000  60 bytes for ./zh-Hans.lproj/Localizable.strings
2020-06-09 06:35:35 +0000  copying file ./img_2.png ... 
2020-06-09 06:35:35 +0000  96004 bytes for ./img_2.png
2020-06-09 06:35:35 +0000  copying file ./WCEnumItem.nib/runtime.nib ... 
2020-06-09 06:35:35 +0000  4320 bytes for ./WCEnumItem.nib/runtime.nib
2020-06-09 06:35:35 +0000  copying file ./WCEnumItem.nib/objects-12.3+.nib ... 
2020-06-09 06:35:35 +0000  4567 bytes for ./WCEnumItem.nib/objects-12.3+.nib
2020-06-09 06:35:35 +0000  copying file ./en.lproj/LaunchScreen.strings ... 
2020-06-09 06:35:35 +0000  1 bytes for ./en.lproj/LaunchScreen.strings
copying file ./en.lproj/Localizable.strings ... 
2020-06-09 06:35:35 +0000  60 bytes for ./en.lproj/Localizable.strings
2020-06-09 06:35:35 +0000  copying file ./WCDeviceShareVC.nib/objects-11.0+.nib ... 
2020-06-09 06:35:35 +0000  3113 bytes for ./WCDeviceShareVC.nib/objects-11.0+.nib
2020-06-09 06:35:35 +0000  copying file ./WCDeviceShareVC.nib/runtime.nib ... 
2020-06-09 06:35:35 +0000  2588 bytes for ./WCDeviceShareVC.nib/runtime.nib
2020-06-09 06:35:35 +0000  copying file ./img_3.png ... 
2020-06-09 06:35:35 +0000  265485 bytes for ./img_3.png
2020-06-09 06:35:35 +0000  copying file ./SGQRCode.bundle/sound.caf ... 
2020-06-09 06:35:35 +0000  129556 bytes for ./SGQRCode.bundle/sound.caf
2020-06-09 06:35:35 +0000  copying file ./SGQRCode.bundle/QRCodeScanLine@3x.png ... 
2020-06-09 06:35:35 +0000  3891 bytes for ./SGQRCode.bundle/QRCodeScanLine@3x.png
2020-06-09 06:35:35 +0000  copying file ./SGQRCode.bundle/en.lproj/Root.strings ... 
2020-06-09 06:35:35 +0000  546 bytes for ./SGQRCode.bundle/en.lproj/Root.strings
2020-06-09 06:35:35 +0000  copying file ./SGQRCode.bundle/QRCodeScanLine@2x.png ... 
2020-06-09 06:35:35 +0000  2231 bytes for ./SGQRCode.bundle/QRCodeScanLine@2x.png
2020-06-09 06:35:35 +0000  copying file ./SGQRCode.bundle/QRCodeScanLineGrid@3x.png ... 
2020-06-09 06:35:35 +0000  14817 bytes for ./SGQRCode.bundle/QRCodeScanLineGrid@3x.png
2020-06-09 06:35:35 +0000  copying file ./SGQRCode.bundle/QRCodeScanLineGrid@2x.png ... 
2020-06-09 06:35:35 +0000  7999 bytes for ./SGQRCode.bundle/QRCodeScanLineGrid@2x.png
2020-06-09 06:35:35 +0000  copying file ./SGQRCode.bundle/Root.plist ... 
2020-06-09 06:35:35 +0000  1456 bytes for ./SGQRCode.bundle/Root.plist
2020-06-09 06:35:35 +0000  copying file ./img_4.png ... 
2020-06-09 06:35:35 +0000  22528 bytes for ./img_4.png
2020-06-09 06:35:35 +0000  copying file ./WCAddTimerVC.nib/objects-11.0+.nib ... 
2020-06-09 06:35:35 +0000  2885 bytes for ./WCAddTimerVC.nib/objects-11.0+.nib
2020-06-09 06:35:35 +0000  copying file ./WCAddTimerVC.nib/runtime.nib ... 
2020-06-09 06:35:35 +0000  2363 bytes for ./WCAddTimerVC.nib/runtime.nib
2020-06-09 06:35:35 +0000  copying file ./WCFamiliesVC.nib/objects-11.0+.nib ... 
2020-06-09 06:35:35 +0000  3115 bytes for ./WCFamiliesVC.nib/objects-11.0+.nib
2020-06-09 06:35:35 +0000  copying file ./WCFamiliesVC.nib/runtime.nib ... 
2020-06-09 06:35:35 +0000  2582 bytes for ./WCFamiliesVC.nib/runtime.nib
2020-06-09 06:35:35 +0000  copying file ./MJRefresh.bundle/zh-Hans.lproj/Localizable.strings ... 
2020-06-09 06:35:35 +0000  1194 bytes for ./MJRefresh.bundle/zh-Hans.lproj/Localizable.strings
2020-06-09 06:35:35 +0000  copying file ./MJRefresh.bundle/en.lproj/Localizable.strings ... 
2020-06-09 06:35:35 +0000  691 bytes for ./MJRefresh.bundle/en.lproj/Localizable.strings
2020-06-09 06:35:35 +0000  copying file ./MJRefresh.bundle/arrow@2x.png ... 
2020-06-09 06:35:35 +0000  1033 bytes for ./MJRefresh.bundle/arrow@2x.png
2020-06-09 06:35:35 +0000  copying file ./MJRefresh.bundle/ko.lproj/Localizable.strings ... 
2020-06-09 06:35:35 +0000  771 bytes for ./MJRefresh.bundle/ko.lproj/Localizable.strings
2020-06-09 06:35:35 +0000  copying file ./MJRefresh.bundle/zh-Hant.lproj/Localizable.strings ... 
2020-06-09 06:35:35 +0000  773 bytes for ./MJRefresh.bundle/zh-Hant.lproj/Localizable.strings
2020-06-09 06:35:35 +0000  copying file ./WCPhotoCell.nib/runtime.nib ... 
2020-06-09 06:35:35 +0000  3087 bytes for ./WCPhotoCell.nib/runtime.nib
2020-06-09 06:35:35 +0000  copying file ./WCPhotoCell.nib/objects-12.3+.nib ... 
2020-06-09 06:35:35 +0000  3332 bytes for ./WCPhotoCell.nib/objects-12.3+.nib
2020-06-09 06:35:35 +0000  copying file ./WCTimerCell.nib ... 
2020-06-09 06:35:35 +0000  5072 bytes for ./WCTimerCell.nib
2020-06-09 06:35:35 +0000  copying file ./WCLongCell.nib/objects-11.0+.nib ... 
2020-06-09 06:35:35 +0000  5953 bytes for ./WCLongCell.nib/objects-11.0+.nib
2020-06-09 06:35:35 +0000  copying file ./WCLongCell.nib/runtime.nib ... 
2020-06-09 06:35:35 +0000  5931 bytes for ./WCLongCell.nib/runtime.nib
2020-06-09 06:35:35 +0000  copying file ./WCLongCell.nib/objects-12.3+.nib ... 
2020-06-09 06:35:35 +0000  6161 bytes for ./WCLongCell.nib/objects-12.3+.nib
2020-06-09 06:35:35 +0000  copying file ./IQKeyboardManager.bundle/IQButtonBarArrowRight@2x.png ... 
2020-06-09 06:35:35 +0000  1786 bytes for ./IQKeyboardManager.bundle/IQButtonBarArrowRight@2x.png
2020-06-09 06:35:35 +0000  copying file ./IQKeyboardManager.bundle/IQButtonBarArrowUp@3x.png ... 
2020-06-09 06:35:35 +0000  2164 bytes for ./IQKeyboardManager.bundle/IQButtonBarArrowUp@3x.png
2020-06-09 06:35:35 +0000  copying file ./IQKeyboardManager.bundle/IQButtonBarArrowUp@2x.png ... 
2020-06-09 06:35:35 +0000  1769 bytes for ./IQKeyboardManager.bundle/IQButtonBarArrowUp@2x.png
2020-06-09 06:35:35 +0000  copying file ./IQKeyboardManager.bundle/IQButtonBarArrowRight@3x.png ... 
2020-06-09 06:35:35 +0000  1844 bytes for ./IQKeyboardManager.bundle/IQButtonBarArrowRight@3x.png
2020-06-09 06:35:35 +0000  copying file ./IQKeyboardManager.bundle/IQButtonBarArrowLeft@3x.png ... 
2020-06-09 06:35:35 +0000  1815 bytes for ./IQKeyboardManager.bundle/IQButtonBarArrowLeft@3x.png
2020-06-09 06:35:35 +0000  copying file ./IQKeyboardManager.bundle/IQButtonBarArrowDown@3x.png ... 
2020-06-09 06:35:35 +0000  2177 bytes for ./IQKeyboardManager.bundle/IQButtonBarArrowDown@3x.png
2020-06-09 06:35:35 +0000  copying file ./IQKeyboardManager.bundle/IQButtonBarArrowDown@2x.png ... 
2020-06-09 06:35:35 +0000  1764 bytes for ./IQKeyboardManager.bundle/IQButtonBarArrowDown@2x.png
2020-06-09 06:35:35 +0000  copying file ./IQKeyboardManager.bundle/IQButtonBarArrowLeft@2x.png ... 
2020-06-09 06:35:35 +0000  1793 bytes for ./IQKeyboardManager.bundle/IQButtonBarArrowLeft@2x.png
2020-06-09 06:35:35 +0000  copying file ./腾讯连连用户服务协议V1.0(1).docx ... 
2020-06-09 06:35:35 +0000  36595 bytes for ./腾讯连连用户服务协议V1.0(1).docx
2020-06-09 06:35:35 +0000  copying file ./WCFamilyMemberCell.nib/objects-11.0+.nib ... 
2020-06-09 06:35:35 +0000  4410 bytes for ./WCFamilyMemberCell.nib/objects-11.0+.nib
2020-06-09 06:35:35 +0000  copying file ./WCFamilyMemberCell.nib/runtime.nib ... 
2020-06-09 06:35:35 +0000  4376 bytes for ./WCFamilyMemberCell.nib/runtime.nib
2020-06-09 06:35:35 +0000  copying file ./WCFamilyMemberCell.nib/objects-12.3+.nib ... 
2020-06-09 06:35:35 +0000  4611 bytes for ./WCFamilyMemberCell.nib/objects-12.3+.nib
2020-06-09 06:35:35 +0000  copying file ./TZImagePickerController.bundle/takePicture@2x.png ... 
2020-06-09 06:35:35 +0000  3054 bytes for ./TZImagePickerController.bundle/takePicture@2x.png
2020-06-09 06:35:35 +0000  copying file ./TZImagePickerController.bundle/zh-Hans.lproj/Localizable.strings ... 
2020-06-09 06:35:35 +0000  1970 bytes for ./TZImagePickerController.bundle/zh-Hans.lproj/Localizable.strings
2020-06-09 06:35:35 +0000  copying file ./TZImagePickerController.bundle/photo_sel_photoPickerVc@2x.png ... 
2020-06-09 06:35:35 +0000  1006 bytes for ./TZImagePickerController.bundle/photo_sel_photoPickerVc@2x.png
2020-06-09 06:35:35 +0000  copying file ./TZImagePickerController.bundle/en.lproj/Localizable.strings ... 
2020-06-09 06:35:35 +0000  2688 bytes for ./TZImagePickerController.bundle/en.lproj/Localizable.strings
2020-06-09 06:35:35 +0000  copying file ./TZImagePickerController.bundle/MMVideoPreviewPlayHL@2x.png ... 
2020-06-09 06:35:35 +0000  3645 bytes for ./TZImagePickerController.bundle/MMVideoPreviewPlayHL@2x.png
2020-06-09 06:35:35 +0000  copying file ./TZImagePickerController.bundle/photo_sel_previewVc@2x.png ... 
2020-06-09 06:35:35 +0000  1183 bytes for ./TZImagePickerController.bundle/photo_sel_previewVc@2x.png
2020-06-09 06:35:35 +0000  copying file ./TZImagePickerController.bundle/MMVideoPreviewPlay@2x.png ... 
2020-06-09 06:35:35 +0000  3645 bytes for ./TZImagePickerController.bundle/MMVideoPreviewPlay@2x.png
2020-06-09 06:35:35 +0000  copying file ./TZImagePickerController.bundle/preview_original_def@2x.png ... 
2020-06-09 06:35:35 +0000  392 bytes for ./TZImagePickerController.bundle/preview_original_def@2x.png
2020-06-09 06:35:35 +0000  copying file ./TZImagePickerController.bundle/photo_def_previewVc@2x.png ... 
2020-06-09 06:35:35 +0000  1155 bytes for ./TZImagePickerController.bundle/photo_def_previewVc@2x.png
2020-06-09 06:35:35 +0000  copying file ./TZImagePickerController.bundle/photo_original_sel@2x.png ... 
2020-06-09 06:35:35 +0000  620 bytes for ./TZImagePickerController.bundle/photo_original_sel@2x.png
2020-06-09 06:35:35 +0000  copying file ./TZImagePickerController.bundle/zh-Hant.lproj/Localizable.strings ... 
2020-06-09 06:35:35 +0000  1972 bytes for ./TZImagePickerController.bundle/zh-Hant.lproj/Localizable.strings
2020-06-09 06:35:35 +0000  copying file ./TZImagePickerController.bundle/takePicture80@2x.png ... 
2020-06-09 06:35:35 +0000  1285 bytes for ./TZImagePickerController.bundle/takePicture80@2x.png
2020-06-09 06:35:35 +0000  copying file ./TZImagePickerController.bundle/photo_def_photoPickerVc@2x.png ... 
2020-06-09 06:35:35 +0000  1155 bytes for ./TZImagePickerController.bundle/photo_def_photoPickerVc@2x.png
2020-06-09 06:35:35 +0000  copying file ./TZImagePickerController.bundle/preview_number_icon@2x.png ... 
2020-06-09 06:35:35 +0000  501 bytes for ./TZImagePickerController.bundle/preview_number_icon@2x.png
2020-06-09 06:35:35 +0000  copying file ./TZImagePickerController.bundle/vi.lproj/Localizable.strings ... 
2020-06-09 06:35:35 +0000  1671 bytes for ./TZImagePickerController.bundle/vi.lproj/Localizable.strings
2020-06-09 06:35:35 +0000  copying file ./TZImagePickerController.bundle/navi_back@2x.png ... 
2020-06-09 06:35:35 +0000  116 bytes for ./TZImagePickerController.bundle/navi_back@2x.png
2020-06-09 06:35:35 +0000  copying file ./TZImagePickerController.bundle/photo_original_def@2x.png ... 
2020-06-09 06:35:35 +0000  1602 bytes for ./TZImagePickerController.bundle/photo_original_def@2x.png
2020-06-09 06:35:35 +0000  copying file ./TZImagePickerController.bundle/photo_number_icon@2x.png ... 
2020-06-09 06:35:35 +0000  501 bytes for ./TZImagePickerController.bundle/photo_number_icon@2x.png
2020-06-09 06:35:35 +0000  copying file ./TZImagePickerController.bundle/VideoSendIcon@2x.png ... 
2020-06-09 06:35:35 +0000  223 bytes for ./TZImagePickerController.bundle/VideoSendIcon@2x.png
2020-06-09 06:35:35 +0000  copying file ./WCTimerListCell.nib ... 
2020-06-09 06:35:35 +0000  4415 bytes for ./WCTimerListCell.nib
2020-06-09 06:35:35 +0000  copying file ./WCAddFamilyVC.nib/objects-11.0+.nib ... 
2020-06-09 06:35:35 +0000  7964 bytes for ./WCAddFamilyVC.nib/objects-11.0+.nib
2020-06-09 06:35:35 +0000  copying file ./WCAddFamilyVC.nib/runtime.nib ... 
2020-06-09 06:35:35 +0000  7301 bytes for ./WCAddFamilyVC.nib/runtime.nib
2020-06-09 06:35:35 +0000  copying file ./Base.lproj/LaunchScreen.storyboardc/01J-lp-oVM-view-Ze5-6b-2t3.nib ... 
2020-06-09 06:35:35 +0000  3130 bytes for ./Base.lproj/LaunchScreen.storyboardc/01J-lp-oVM-view-Ze5-6b-2t3.nib
2020-06-09 06:35:35 +0000  copying file ./Base.lproj/LaunchScreen.storyboardc/UIViewController-01J-lp-oVM.nib ... 
2020-06-09 06:35:35 +0000  896 bytes for ./Base.lproj/LaunchScreen.storyboardc/UIViewController-01J-lp-oVM.nib
2020-06-09 06:35:35 +0000  copying file ./Base.lproj/LaunchScreen.storyboardc/Info.plist ... 
2020-06-09 06:35:35 +0000  258 bytes for ./Base.lproj/LaunchScreen.storyboardc/Info.plist
2020-06-09 06:35:35 +0000  copying file ./WCMessageText2Cell.nib ... 
2020-06-09 06:35:35 +0000  4139 bytes for ./WCMessageText2Cell.nib
2020-06-09 06:35:35 +0000  copying file ./wifi_type.html ... 
2020-06-09 06:35:35 +0000  584 bytes for ./wifi_type.html
2020-06-09 06:35:35 +0000  copying file ./WCMemberInfoVC.nib ... 
2020-06-09 06:35:35 +0000  8676 bytes for ./WCMemberInfoVC.nib
2020-06-09 06:35:35 +0000  copying file ./Assets.car ... 
2020-06-09 06:35:35 +0000  20331816 bytes for ./Assets.car
2020-06-09 06:35:35 +0000  copying file ./WCPopoverVC.nib/objects-11.0+.nib ... 
2862 bytes for ./WCPopoverVC.nib/objects-11.0+.nib
copying file ./WCPopoverVC.nib/runtime.nib ... 
2342 bytes for ./WCPopoverVC.nib/runtime.nib
copying file ./WCUserCell.nib ... 
3877 bytes for ./WCUserCell.nib
copying file ./WCFamilyInfoVC.nib/objects-11.0+.nib ... 
2769 bytes for ./WCFamilyInfoVC.nib/objects-11.0+.nib
copying file ./WCFamilyInfoVC.nib/runtime.nib ... 
2099 bytes for ./WCFamilyInfoVC.nib/runtime.nib
2020-06-09 06:35:35 +0000  copying file ./sortedNameEN.plist ... 
2020-06-09 06:35:35 +0000  5113 bytes for ./sortedNameEN.plist
2020-06-09 06:35:35 +0000  copying file ./sortedNameCH.plist ... 
2020-06-09 06:35:35 +0000  5082 bytes for ./sortedNameCH.plist
2020-06-09 06:35:35 +0000  copying file ./WCFamilyInfoCell.nib/objects-11.0+.nib ... 
2020-06-09 06:35:35 +0000  4787 bytes for ./WCFamilyInfoCell.nib/objects-11.0+.nib
2020-06-09 06:35:35 +0000  copying file ./WCFamilyInfoCell.nib/runtime.nib ... 
2020-06-09 06:35:35 +0000  4763 bytes for ./WCFamilyInfoCell.nib/runtime.nib
2020-06-09 06:35:35 +0000  copying file ./WCFamilyInfoCell.nib/objects-12.3+.nib ... 
2020-06-09 06:35:35 +0000  5001 bytes for ./WCFamilyInfoCell.nib/objects-12.3+.nib
2020-06-09 06:35:35 +0000  copying file ./WCRoomsVC.nib/objects-11.0+.nib ... 
2020-06-09 06:35:35 +0000  3091 bytes for ./WCRoomsVC.nib/objects-11.0+.nib
2020-06-09 06:35:35 +0000  copying file ./WCRoomsVC.nib/runtime.nib ... 
2020-06-09 06:35:35 +0000  2565 bytes for ./WCRoomsVC.nib/runtime.nib
2020-06-09 06:35:35 +0000  copying file ./embedded.mobileprovision ... 
2020-06-09 06:35:35 +0000  15664 bytes for ./embedded.mobileprovision
2020-06-09 06:35:35 +0000  copying file ./腾讯连连 ... 
2020-06-09 06:35:35 +0000  34401376 bytes for ./腾讯连连
2020-06-09 06:35:35 +0000  copying file ./WCRoomInfoVC.nib/objects-11.0+.nib ... 
2905 bytes for ./WCRoomInfoVC.nib/objects-11.0+.nib
copying file ./WCRoomInfoVC.nib/runtime.nib ... 
2383 bytes for ./WCRoomInfoVC.nib/runtime.nib
copying file ./Info.plist ... 
1733 bytes for ./Info.plist
copying file ./WCAddRoomVC.nib/objects-11.0+.nib ... 
5001 bytes for ./WCAddRoomVC.nib/objects-11.0+.nib
copying file ./WCAddRoomVC.nib/runtime.nib ... 
4337 bytes for ./WCAddRoomVC.nib/runtime.nib
2020-06-09 06:35:35 +0000  copying file ./WCShareDevicesVC.nib/objects-11.0+.nib ... 
2020-06-09 06:35:35 +0000  2893 bytes for ./WCShareDevicesVC.nib/objects-11.0+.nib
copying file ./WCShareDevicesVC.nib/runtime.nib ... 
2020-06-09 06:35:35 +0000  2364 bytes for ./WCShareDevicesVC.nib/runtime.nib
2020-06-09 06:35:35 +0000  copying file ./PkgInfo ... 
2020-06-09 06:35:35 +0000  8 bytes for ./PkgInfo
2020-06-09 06:35:35 +0000  copying file ./WCAboutVC.nib/objects-11.0+.nib ... 
2020-06-09 06:35:35 +0000  7696 bytes for ./WCAboutVC.nib/objects-11.0+.nib
2020-06-09 06:35:35 +0000  copying file ./WCAboutVC.nib/runtime.nib ... 
2020-06-09 06:35:35 +0000  7030 bytes for ./WCAboutVC.nib/runtime.nib
2020-06-09 06:35:35 +0000 [MT] /usr/bin/ditto exited with 0
2020-06-09 06:35:35 +0000 [MT] Processing step: IDEDistributionEmbedProfileStep
2020-06-09 06:35:35 +0000 [MT] Processing step: IDEDistributionInfoPlistStep
2020-06-09 06:35:35 +0000 [MT] Skipping step: IDEDistributionInfoPlistStep because it said so
2020-06-09 06:35:35 +0000 [MT] Processing step: IDEDistributionAppThinningPlistStep
2020-06-09 06:35:35 +0000 [MT] Skipping step: IDEDistributionAppThinningPlistStep because it said so
2020-06-09 06:35:35 +0000 [MT] Processing step: IDEDistributionCompileBitcodeStep
2020-06-09 06:35:35 +0000 [MT] Skipping step: IDEDistributionCompileBitcodeStep because it said so
2020-06-09 06:35:35 +0000 [MT] Processing step: IDEDistributionCodeSlimmingStep
2020-06-09 06:35:35 +0000 [MT] Processing step: IDEDistributionCopyBCSymbolMapsStep
2020-06-09 06:35:35 +0000 [MT] Skipping step: IDEDistributionCopyBCSymbolMapsStep because it said so
2020-06-09 06:35:35 +0000 [MT] Processing step: IDEDistributionSymbolsStep
2020-06-09 06:35:35 +0000 [MT] Skipping step: IDEDistributionSymbolsStep because it said so
2020-06-09 06:35:35 +0000 [MT] Processing step: IDEDistributionAppThinningStep
2020-06-09 06:35:35 +0000 [MT] Skipping step: IDEDistributionAppThinningStep because it said so
2020-06-09 06:35:35 +0000 [MT] Processing step: IDEDistributionArchThinningStep
2020-06-09 06:35:35 +0000 [MT] Running /Applications/Xcode.app/Contents/Developer/Toolchains/XcodeDefault.xctoolchain/usr/bin/lipo '/var/folders/hg/dr69251j0633c3xhpkc26zgw0000gn/T/XcodeDistPipeline.~~~QvqHPC/Root/Payload/腾讯连连.app/腾讯连连' '-verify_arch' 'arm64e'
2020-06-09 06:35:35 +0000 [MT] /Applications/Xcode.app/Contents/Developer/Toolchains/XcodeDefault.xctoolchain/usr/bin/lipo exited with 1
2020-06-09 06:35:35 +0000 [MT] Skipping architecture thinning for item "腾讯连连" because arch "arm64e" wasn't found
2020-06-09 06:35:35 +0000 [MT] Processing step: IDEDistributionODRStep
2020-06-09 06:35:35 +0000 [MT] Processing step: IDEDistributionStripXattrsStep
2020-06-09 06:35:35 +0000 [MT] Running /usr/bin/xattr '-crs' '/var/folders/hg/dr69251j0633c3xhpkc26zgw0000gn/T/XcodeDistPipeline.~~~QvqHPC/Root/Payload/腾讯连连.app'
2020-06-09 06:35:36 +0000 [MT] /usr/bin/xattr exited with 0
2020-06-09 06:35:36 +0000 [MT] Processing step: IDEDistributionCodesignStep
2020-06-09 06:35:36 +0000 [MT] Entitlements for <IDEDistributionItem: 0x7f8b51ee8720; bundleID='com.tencent.iot.explorer', path='<DVTFilePath:0x7f8b5850cc60:'/Users/eagleychen/Desktop/tencent/iot-ios-ll/TenextCloud.xcarchive/Products/Applications/腾讯连连.app'>', codeSigningInfo='<_DVTCodeSigningInformation_Path: 0x7f8b583ef450; isSigned='1', isAdHocSigned='0', signingCertificate='<DVTSigningCertificate: 0x7f8b5901fbf0; name='Apple Development: Chao Ren (45U44KXTL9)', hash='7C2B3C46D313DDEC431A196E6CA4C94A1F3E49C1', serialNumber='08CEB03A9EA93174', certificateKinds='(
    "1.2.840.113635.100.6.1.12",
    "1.2.840.113635.100.6.1.2"
), issueDate='2020-06-04 08:22:28 +0000''>', entitlements='{
    "application-identifier" = "89W69LHLD3.com.tencent.iot.explorer";
    "aps-environment" = development;
    "com.apple.developer.networking.HotspotConfiguration" = 1;
    "com.apple.developer.networking.wifi-info" = 1;
    "com.apple.developer.team-identifier" = 89W69LHLD3;
    "get-task-allow" = 1;
}', teamID='89W69LHLD3', identifier='com.tencent.iot.explorer', executablePath='<DVTFilePath:0x7f8b583e1bc0:'/Users/eagleychen/Desktop/tencent/iot-ios-ll/TenextCloud.xcarchive/Products/Applications/腾讯连连.app/腾讯连连'>', hardenedRuntime='0'>'>: {
    "application-identifier" = "89W69LHLD3.com.tencent.iot.explorer";
    "aps-environment" = development;
    "com.apple.developer.networking.HotspotConfiguration" = 1;
    "com.apple.developer.networking.wifi-info" = 1;
    "com.apple.developer.team-identifier" = 89W69LHLD3;
    "get-task-allow" = 1;
}
2020-06-09 06:35:36 +0000 [MT] Writing entitlements for <IDEDistributionItem: 0x7f8b51ee8720; bundleID='com.tencent.iot.explorer', path='<DVTFilePath:0x7f8b5850cc60:'/Users/eagleychen/Desktop/tencent/iot-ios-ll/TenextCloud.xcarchive/Products/Applications/腾讯连连.app'>', codeSigningInfo='<_DVTCodeSigningInformation_Path: 0x7f8b583ef450; isSigned='1', isAdHocSigned='0', signingCertificate='<DVTSigningCertificate: 0x7f8b59025510; name='Apple Development: Chao Ren (45U44KXTL9)', hash='7C2B3C46D313DDEC431A196E6CA4C94A1F3E49C1', serialNumber='08CEB03A9EA93174', certificateKinds='(
    "1.2.840.113635.100.6.1.12",
    "1.2.840.113635.100.6.1.2"
), issueDate='2020-06-04 08:22:28 +0000''>', entitlements='{
    "application-identifier" = "89W69LHLD3.com.tencent.iot.explorer";
    "aps-environment" = development;
    "com.apple.developer.networking.HotspotConfiguration" = 1;
    "com.apple.developer.networking.wifi-info" = 1;
    "com.apple.developer.team-identifier" = 89W69LHLD3;
    "get-task-allow" = 1;
}', teamID='89W69LHLD3', identifier='com.tencent.iot.explorer', executablePath='<DVTFilePath:0x7f8b583e1bc0:'/Users/eagleychen/Desktop/tencent/iot-ios-ll/TenextCloud.xcarchive/Products/Applications/腾讯连连.app/腾讯连连'>', hardenedRuntime='0'>'> to: /var/folders/hg/dr69251j0633c3xhpkc26zgw0000gn/T/XcodeDistPipeline.~~~QvqHPC/entitlements~~~Je19AW
2020-06-09 06:35:36 +0000 [MT] Running /usr/bin/codesign '-vvv' '--force' '--sign' '7C2B3C46D313DDEC431A196E6CA4C94A1F3E49C1' '--entitlements' '/var/folders/hg/dr69251j0633c3xhpkc26zgw0000gn/T/XcodeDistPipeline.~~~QvqHPC/entitlements~~~Je19AW' '--preserve-metadata=identifier,flags,runtime' '/var/folders/hg/dr69251j0633c3xhpkc26zgw0000gn/T/XcodeDistPipeline.~~~QvqHPC/Root/Payload/腾讯连连.app'
2020-06-09 06:35:36 +0000  /var/folders/hg/dr69251j0633c3xhpkc26zgw0000gn/T/XcodeDistPipeline.~~~QvqHPC/Root/Payload/腾讯连连.app: signed app bundle with Mach-O thin (arm64) [com.tencent.iot.explorer]
2020-06-09 06:35:36 +0000 [MT] /usr/bin/codesign exited with 0
2020-06-09 06:35:36 +0000 [MT] Processing step: IDEDistributionZipODRItemStep
2020-06-09 06:35:36 +0000 [MT] Skipping step: IDEDistributionZipODRItemStep because it said so
2020-06-09 06:35:36 +0000 [MT] Processing step: IDEDistributionCreateIPAStep
2020-06-09 06:35:36 +0000 [MT] Running /usr/bin/ditto '-V' '-c' '-k' '--norsrc' '/var/folders/hg/dr69251j0633c3xhpkc26zgw0000gn/T/XcodeDistPipeline.~~~QvqHPC/Root' '/var/folders/hg/dr69251j0633c3xhpkc26zgw0000gn/T/XcodeDistPipeline.~~~QvqHPC/Packages/TenextCloud.ipa'
2020-06-09 06:35:36 +0000  >>> Copying /var/folders/hg/dr69251j0633c3xhpkc26zgw0000gn/T/XcodeDistPipeline.~~~QvqHPC/Root 
2020-06-09 06:35:36 +0000  copying file ./Payload/腾讯连连.app/WCMessageInviteCell.nib ... 
2020-06-09 06:35:36 +0000  6538 bytes for ./Payload/腾讯连连.app/WCMessageInviteCell.nib
2020-06-09 06:35:36 +0000  copying file ./Payload/腾讯连连.app/_CodeSignature/CodeResources ... 
2020-06-09 06:35:36 +0000  36862 bytes for ./Payload/腾讯连连.app/_CodeSignature/CodeResources
2020-06-09 06:35:36 +0000  copying file ./Payload/腾讯连连.app/WCMediumCell.nib/objects-11.0+.nib ... 
2020-06-09 06:35:36 +0000  5832 bytes for ./Payload/腾讯连连.app/WCMediumCell.nib/objects-11.0+.nib
copying file ./Payload/腾讯连连.app/WCMediumCell.nib/runtime.nib ... 
2020-06-09 06:35:36 +0000  5798 bytes for ./Payload/腾讯连连.app/WCMediumCell.nib/runtime.nib
copying file ./Payload/腾讯连连.app/WCMediumCell.nib/objects-12.3+.nib ... 
2020-06-09 06:35:36 +0000  6042 bytes for ./Payload/腾讯连连.app/WCMediumCell.nib/objects-12.3+.nib
2020-06-09 06:35:36 +0000  copying file ./Payload/腾讯连连.app/img_1.png ... 
2020-06-09 06:35:36 +0000  203930 bytes for ./Payload/腾讯连连.app/img_1.png
copying file ./Payload/腾讯连连.app/WCRoomCell.nib ... 
2020-06-09 06:35:36 +0000  4072 bytes for ./Payload/腾讯连连.app/WCRoomCell.nib
2020-06-09 06:35:36 +0000  copying file ./Payload/腾讯连连.app/zh-Hans.lproj/LaunchScreen.strings ... 
1 bytes for ./Payload/腾讯连连.app/zh-Hans.lproj/LaunchScreen.strings
copying file ./Payload/腾讯连连.app/zh-Hans.lproj/Localizable.strings ... 
60 bytes for ./Payload/腾讯连连.app/zh-Hans.lproj/Localizable.strings
2020-06-09 06:35:36 +0000  copying file ./Payload/腾讯连连.app/img_2.png ... 
2020-06-09 06:35:36 +0000  96004 bytes for ./Payload/腾讯连连.app/img_2.png
2020-06-09 06:35:36 +0000  copying file ./Payload/腾讯连连.app/WCEnumItem.nib/runtime.nib ... 
2020-06-09 06:35:36 +0000  4320 bytes for ./Payload/腾讯连连.app/WCEnumItem.nib/runtime.nib
copying file ./Payload/腾讯连连.app/WCEnumItem.nib/objects-12.3+.nib ... 
2020-06-09 06:35:36 +0000  4567 bytes for ./Payload/腾讯连连.app/WCEnumItem.nib/objects-12.3+.nib
copying file ./Payload/腾讯连连.app/en.lproj/LaunchScreen.strings ... 
2020-06-09 06:35:36 +0000  1 bytes for ./Payload/腾讯连连.app/en.lproj/LaunchScreen.strings
copying file ./Payload/腾讯连连.app/en.lproj/Localizable.strings ... 
60 bytes for ./Payload/腾讯连连.app/en.lproj/Localizable.strings
2020-06-09 06:35:36 +0000  copying file ./Payload/腾讯连连.app/WCDeviceShareVC.nib/objects-11.0+.nib ... 
2020-06-09 06:35:36 +0000  3113 bytes for ./Payload/腾讯连连.app/WCDeviceShareVC.nib/objects-11.0+.nib
copying file ./Payload/腾讯连连.app/WCDeviceShareVC.nib/runtime.nib ... 
2020-06-09 06:35:36 +0000  2588 bytes for ./Payload/腾讯连连.app/WCDeviceShareVC.nib/runtime.nib
copying file ./Payload/腾讯连连.app/img_3.png ... 
2020-06-09 06:35:36 +0000  265485 bytes for ./Payload/腾讯连连.app/img_3.png
2020-06-09 06:35:36 +0000  copying file ./Payload/腾讯连连.app/SGQRCode.bundle/sound.caf ... 
2020-06-09 06:35:36 +0000  129556 bytes for ./Payload/腾讯连连.app/SGQRCode.bundle/sound.caf
copying file ./Payload/腾讯连连.app/SGQRCode.bundle/QRCodeScanLine@3x.png ... 
2020-06-09 06:35:36 +0000  3891 bytes for ./Payload/腾讯连连.app/SGQRCode.bundle/QRCodeScanLine@3x.png
copying file ./Payload/腾讯连连.app/SGQRCode.bundle/en.lproj/Root.strings ... 
2020-06-09 06:35:36 +0000  546 bytes for ./Payload/腾讯连连.app/SGQRCode.bundle/en.lproj/Root.strings
copying file ./Payload/腾讯连连.app/SGQRCode.bundle/QRCodeScanLine@2x.png ... 
2020-06-09 06:35:36 +0000  2231 bytes for ./Payload/腾讯连连.app/SGQRCode.bundle/QRCodeScanLine@2x.png
copying file ./Payload/腾讯连连.app/SGQRCode.bundle/QRCodeScanLineGrid@3x.png ... 
2020-06-09 06:35:36 +0000  14817 bytes for ./Payload/腾讯连连.app/SGQRCode.bundle/QRCodeScanLineGrid@3x.png
copying file ./Payload/腾讯连连.app/SGQRCode.bundle/QRCodeScanLineGrid@2x.png ... 
2020-06-09 06:35:36 +0000  7999 bytes for ./Payload/腾讯连连.app/SGQRCode.bundle/QRCodeScanLineGrid@2x.png
2020-06-09 06:35:36 +0000  copying file ./Payload/腾讯连连.app/SGQRCode.bundle/Root.plist ... 
1456 bytes for ./Payload/腾讯连连.app/SGQRCode.bundle/Root.plist
copying file ./Payload/腾讯连连.app/img_4.png ... 
2020-06-09 06:35:36 +0000  22528 bytes for ./Payload/腾讯连连.app/img_4.png
2020-06-09 06:35:36 +0000  copying file ./Payload/腾讯连连.app/WCAddTimerVC.nib/objects-11.0+.nib ... 
2020-06-09 06:35:36 +0000  2885 bytes for ./Payload/腾讯连连.app/WCAddTimerVC.nib/objects-11.0+.nib
copying file ./Payload/腾讯连连.app/WCAddTimerVC.nib/runtime.nib ... 
2020-06-09 06:35:36 +0000  2363 bytes for ./Payload/腾讯连连.app/WCAddTimerVC.nib/runtime.nib
2020-06-09 06:35:36 +0000  copying file ./Payload/腾讯连连.app/WCFamiliesVC.nib/objects-11.0+.nib ... 
2020-06-09 06:35:36 +0000  3115 bytes for ./Payload/腾讯连连.app/WCFamiliesVC.nib/objects-11.0+.nib
copying file ./Payload/腾讯连连.app/WCFamiliesVC.nib/runtime.nib ... 
2020-06-09 06:35:36 +0000  2582 bytes for ./Payload/腾讯连连.app/WCFamiliesVC.nib/runtime.nib
2020-06-09 06:35:36 +0000  copying file ./Payload/腾讯连连.app/MJRefresh.bundle/zh-Hans.lproj/Localizable.strings ... 
2020-06-09 06:35:36 +0000  1194 bytes for ./Payload/腾讯连连.app/MJRefresh.bundle/zh-Hans.lproj/Localizable.strings
copying file ./Payload/腾讯连连.app/MJRefresh.bundle/en.lproj/Localizable.strings ... 
2020-06-09 06:35:36 +0000  691 bytes for ./Payload/腾讯连连.app/MJRefresh.bundle/en.lproj/Localizable.strings
copying file ./Payload/腾讯连连.app/MJRefresh.bundle/arrow@2x.png ... 
2020-06-09 06:35:36 +0000  1033 bytes for ./Payload/腾讯连连.app/MJRefresh.bundle/arrow@2x.png
copying file ./Payload/腾讯连连.app/MJRefresh.bundle/ko.lproj/Localizable.strings ... 
2020-06-09 06:35:36 +0000  771 bytes for ./Payload/腾讯连连.app/MJRefresh.bundle/ko.lproj/Localizable.strings
2020-06-09 06:35:36 +0000  copying file ./Payload/腾讯连连.app/MJRefresh.bundle/zh-Hant.lproj/Localizable.strings ... 
773 bytes for ./Payload/腾讯连连.app/MJRefresh.bundle/zh-Hant.lproj/Localizable.strings
2020-06-09 06:35:36 +0000  copying file ./Payload/腾讯连连.app/WCPhotoCell.nib/runtime.nib ... 
2020-06-09 06:35:36 +0000  3087 bytes for ./Payload/腾讯连连.app/WCPhotoCell.nib/runtime.nib
2020-06-09 06:35:36 +0000  copying file ./Payload/腾讯连连.app/WCPhotoCell.nib/objects-12.3+.nib ... 
2020-06-09 06:35:36 +0000  3332 bytes for ./Payload/腾讯连连.app/WCPhotoCell.nib/objects-12.3+.nib
copying file ./Payload/腾讯连连.app/WCTimerCell.nib ... 
2020-06-09 06:35:36 +0000  5072 bytes for ./Payload/腾讯连连.app/WCTimerCell.nib
2020-06-09 06:35:36 +0000  copying file ./Payload/腾讯连连.app/WCLongCell.nib/objects-11.0+.nib ... 
2020-06-09 06:35:36 +0000  5953 bytes for ./Payload/腾讯连连.app/WCLongCell.nib/objects-11.0+.nib
2020-06-09 06:35:36 +0000  copying file ./Payload/腾讯连连.app/WCLongCell.nib/runtime.nib ... 
2020-06-09 06:35:36 +0000  5931 bytes for ./Payload/腾讯连连.app/WCLongCell.nib/runtime.nib
2020-06-09 06:35:36 +0000  copying file ./Payload/腾讯连连.app/WCLongCell.nib/objects-12.3+.nib ... 
2020-06-09 06:35:36 +0000  6161 bytes for ./Payload/腾讯连连.app/WCLongCell.nib/objects-12.3+.nib
2020-06-09 06:35:36 +0000  copying file ./Payload/腾讯连连.app/IQKeyboardManager.bundle/IQButtonBarArrowRight@2x.png ... 
2020-06-09 06:35:36 +0000  1786 bytes for ./Payload/腾讯连连.app/IQKeyboardManager.bundle/IQButtonBarArrowRight@2x.png
copying file ./Payload/腾讯连连.app/IQKeyboardManager.bundle/IQButtonBarArrowUp@3x.png ... 
2020-06-09 06:35:36 +0000  2164 bytes for ./Payload/腾讯连连.app/IQKeyboardManager.bundle/IQButtonBarArrowUp@3x.png
2020-06-09 06:35:36 +0000  copying file ./Payload/腾讯连连.app/IQKeyboardManager.bundle/IQButtonBarArrowUp@2x.png ... 
2020-06-09 06:35:36 +0000  1769 bytes for ./Payload/腾讯连连.app/IQKeyboardManager.bundle/IQButtonBarArrowUp@2x.png
copying file ./Payload/腾讯连连.app/IQKeyboardManager.bundle/IQButtonBarArrowRight@3x.png ... 
2020-06-09 06:35:36 +0000  1844 bytes for ./Payload/腾讯连连.app/IQKeyboardManager.bundle/IQButtonBarArrowRight@3x.png
2020-06-09 06:35:36 +0000  copying file ./Payload/腾讯连连.app/IQKeyboardManager.bundle/IQButtonBarArrowLeft@3x.png ... 
2020-06-09 06:35:36 +0000  1815 bytes for ./Payload/腾讯连连.app/IQKeyboardManager.bundle/IQButtonBarArrowLeft@3x.png
copying file ./Payload/腾讯连连.app/IQKeyboardManager.bundle/IQButtonBarArrowDown@3x.png ... 
2020-06-09 06:35:36 +0000  2177 bytes for ./Payload/腾讯连连.app/IQKeyboardManager.bundle/IQButtonBarArrowDown@3x.png
2020-06-09 06:35:36 +0000  copying file ./Payload/腾讯连连.app/IQKeyboardManager.bundle/IQButtonBarArrowDown@2x.png ... 
2020-06-09 06:35:36 +0000  1764 bytes for ./Payload/腾讯连连.app/IQKeyboardManager.bundle/IQButtonBarArrowDown@2x.png
copying file ./Payload/腾讯连连.app/IQKeyboardManager.bundle/IQButtonBarArrowLeft@2x.png ... 
2020-06-09 06:35:36 +0000  1793 bytes for ./Payload/腾讯连连.app/IQKeyboardManager.bundle/IQButtonBarArrowLeft@2x.png
copying file ./Payload/腾讯连连.app/腾讯连连用户服务协议V1.0(1).docx ... 
2020-06-09 06:35:36 +0000  36595 bytes for ./Payload/腾讯连连.app/腾讯连连用户服务协议V1.0(1).docx
2020-06-09 06:35:36 +0000  copying file ./Payload/腾讯连连.app/WCFamilyMemberCell.nib/objects-11.0+.nib ... 
2020-06-09 06:35:36 +0000  4410 bytes for ./Payload/腾讯连连.app/WCFamilyMemberCell.nib/objects-11.0+.nib
2020-06-09 06:35:36 +0000  copying file ./Payload/腾讯连连.app/WCFamilyMemberCell.nib/runtime.nib ... 
2020-06-09 06:35:36 +0000  4376 bytes for ./Payload/腾讯连连.app/WCFamilyMemberCell.nib/runtime.nib
copying file ./Payload/腾讯连连.app/WCFamilyMemberCell.nib/objects-12.3+.nib ... 
2020-06-09 06:35:36 +0000  4611 bytes for ./Payload/腾讯连连.app/WCFamilyMemberCell.nib/objects-12.3+.nib
2020-06-09 06:35:36 +0000  copying file ./Payload/腾讯连连.app/TZImagePickerController.bundle/takePicture@2x.png ... 
2020-06-09 06:35:36 +0000  3054 bytes for ./Payload/腾讯连连.app/TZImagePickerController.bundle/takePicture@2x.png
2020-06-09 06:35:36 +0000  copying file ./Payload/腾讯连连.app/TZImagePickerController.bundle/zh-Hans.lproj/Localizable.strings ... 
2020-06-09 06:35:36 +0000  1970 bytes for ./Payload/腾讯连连.app/TZImagePickerController.bundle/zh-Hans.lproj/Localizable.strings
2020-06-09 06:35:36 +0000  copying file ./Payload/腾讯连连.app/TZImagePickerController.bundle/photo_sel_photoPickerVc@2x.png ... 
1006 bytes for ./Payload/腾讯连连.app/TZImagePickerController.bundle/photo_sel_photoPickerVc@2x.png
2020-06-09 06:35:36 +0000  copying file ./Payload/腾讯连连.app/TZImagePickerController.bundle/en.lproj/Localizable.strings ... 
2020-06-09 06:35:36 +0000  2688 bytes for ./Payload/腾讯连连.app/TZImagePickerController.bundle/en.lproj/Localizable.strings
copying file ./Payload/腾讯连连.app/TZImagePickerController.bundle/MMVideoPreviewPlayHL@2x.png ... 
2020-06-09 06:35:36 +0000  3645 bytes for ./Payload/腾讯连连.app/TZImagePickerController.bundle/MMVideoPreviewPlayHL@2x.png
copying file ./Payload/腾讯连连.app/TZImagePickerController.bundle/photo_sel_previewVc@2x.png ... 
2020-06-09 06:35:36 +0000  1183 bytes for ./Payload/腾讯连连.app/TZImagePickerController.bundle/photo_sel_previewVc@2x.png
2020-06-09 06:35:36 +0000  copying file ./Payload/腾讯连连.app/TZImagePickerController.bundle/MMVideoPreviewPlay@2x.png ... 
2020-06-09 06:35:36 +0000  3645 bytes for ./Payload/腾讯连连.app/TZImagePickerController.bundle/MMVideoPreviewPlay@2x.png
copying file ./Payload/腾讯连连.app/TZImagePickerController.bundle/preview_original_def@2x.png ... 
2020-06-09 06:35:36 +0000  392 bytes for ./Payload/腾讯连连.app/TZImagePickerController.bundle/preview_original_def@2x.png
copying file ./Payload/腾讯连连.app/TZImagePickerController.bundle/photo_def_previewVc@2x.png ... 
2020-06-09 06:35:36 +0000  1155 bytes for ./Payload/腾讯连连.app/TZImagePickerController.bundle/photo_def_previewVc@2x.png
2020-06-09 06:35:36 +0000  copying file ./Payload/腾讯连连.app/TZImagePickerController.bundle/photo_original_sel@2x.png ... 
2020-06-09 06:35:36 +0000  620 bytes for ./Payload/腾讯连连.app/TZImagePickerController.bundle/photo_original_sel@2x.png
copying file ./Payload/腾讯连连.app/TZImagePickerController.bundle/zh-Hant.lproj/Localizable.strings ... 
2020-06-09 06:35:36 +0000  1972 bytes for ./Payload/腾讯连连.app/TZImagePickerController.bundle/zh-Hant.lproj/Localizable.strings
2020-06-09 06:35:36 +0000  copying file ./Payload/腾讯连连.app/TZImagePickerController.bundle/takePicture80@2x.png ... 
2020-06-09 06:35:36 +0000  1285 bytes for ./Payload/腾讯连连.app/TZImagePickerController.bundle/takePicture80@2x.png
copying file ./Payload/腾讯连连.app/TZImagePickerController.bundle/photo_def_photoPickerVc@2x.png ... 
2020-06-09 06:35:36 +0000  1155 bytes for ./Payload/腾讯连连.app/TZImagePickerController.bundle/photo_def_photoPickerVc@2x.png
copying file ./Payload/腾讯连连.app/TZImagePickerController.bundle/preview_number_icon@2x.png ... 
2020-06-09 06:35:36 +0000  501 bytes for ./Payload/腾讯连连.app/TZImagePickerController.bundle/preview_number_icon@2x.png
copying file ./Payload/腾讯连连.app/TZImagePickerController.bundle/vi.lproj/Localizable.strings ... 
2020-06-09 06:35:36 +0000  1671 bytes for ./Payload/腾讯连连.app/TZImagePickerController.bundle/vi.lproj/Localizable.strings
2020-06-09 06:35:36 +0000  copying file ./Payload/腾讯连连.app/TZImagePickerController.bundle/navi_back@2x.png ... 
116 bytes for ./Payload/腾讯连连.app/TZImagePickerController.bundle/navi_back@2x.png
copying file ./Payload/腾讯连连.app/TZImagePickerController.bundle/photo_original_def@2x.png ... 
2020-06-09 06:35:36 +0000  1602 bytes for ./Payload/腾讯连连.app/TZImagePickerController.bundle/photo_original_def@2x.png
copying file ./Payload/腾讯连连.app/TZImagePickerController.bundle/photo_number_icon@2x.png ... 
2020-06-09 06:35:36 +0000  501 bytes for ./Payload/腾讯连连.app/TZImagePickerController.bundle/photo_number_icon@2x.png
2020-06-09 06:35:36 +0000  copying file ./Payload/腾讯连连.app/TZImagePickerController.bundle/VideoSendIcon@2x.png ... 
223 bytes for ./Payload/腾讯连连.app/TZImagePickerController.bundle/VideoSendIcon@2x.png
2020-06-09 06:35:36 +0000  copying file ./Payload/腾讯连连.app/WCTimerListCell.nib ... 
2020-06-09 06:35:36 +0000  4415 bytes for ./Payload/腾讯连连.app/WCTimerListCell.nib
2020-06-09 06:35:36 +0000  copying file ./Payload/腾讯连连.app/WCAddFamilyVC.nib/objects-11.0+.nib ... 
2020-06-09 06:35:36 +0000  7964 bytes for ./Payload/腾讯连连.app/WCAddFamilyVC.nib/objects-11.0+.nib
2020-06-09 06:35:36 +0000  copying file ./Payload/腾讯连连.app/WCAddFamilyVC.nib/runtime.nib ... 
2020-06-09 06:35:36 +0000  7301 bytes for ./Payload/腾讯连连.app/WCAddFamilyVC.nib/runtime.nib
2020-06-09 06:35:36 +0000  copying file ./Payload/腾讯连连.app/Base.lproj/LaunchScreen.storyboardc/01J-lp-oVM-view-Ze5-6b-2t3.nib ... 
2020-06-09 06:35:36 +0000  3130 bytes for ./Payload/腾讯连连.app/Base.lproj/LaunchScreen.storyboardc/01J-lp-oVM-view-Ze5-6b-2t3.nib
2020-06-09 06:35:36 +0000  copying file ./Payload/腾讯连连.app/Base.lproj/LaunchScreen.storyboardc/UIViewController-01J-lp-oVM.nib ... 
896 bytes for ./Payload/腾讯连连.app/Base.lproj/LaunchScreen.storyboardc/UIViewController-01J-lp-oVM.nib
2020-06-09 06:35:36 +0000  copying file ./Payload/腾讯连连.app/Base.lproj/LaunchScreen.storyboardc/Info.plist ... 
258 bytes for ./Payload/腾讯连连.app/Base.lproj/LaunchScreen.storyboardc/Info.plist
2020-06-09 06:35:36 +0000  copying file ./Payload/腾讯连连.app/WCMessageText2Cell.nib ... 
2020-06-09 06:35:36 +0000  4139 bytes for ./Payload/腾讯连连.app/WCMessageText2Cell.nib
2020-06-09 06:35:36 +0000  copying file ./Payload/腾讯连连.app/wifi_type.html ... 
584 bytes for ./Payload/腾讯连连.app/wifi_type.html
2020-06-09 06:35:36 +0000  copying file ./Payload/腾讯连连.app/WCMemberInfoVC.nib ... 
2020-06-09 06:35:36 +0000  8676 bytes for ./Payload/腾讯连连.app/WCMemberInfoVC.nib
2020-06-09 06:35:36 +0000  copying file ./Payload/腾讯连连.app/Assets.car ... 
2020-06-09 06:35:36 +0000  20331816 bytes for ./Payload/腾讯连连.app/Assets.car
2020-06-09 06:35:36 +0000  copying file ./Payload/腾讯连连.app/WCPopoverVC.nib/objects-11.0+.nib ... 
2862 bytes for ./Payload/腾讯连连.app/WCPopoverVC.nib/objects-11.0+.nib
copying file ./Payload/腾讯连连.app/WCPopoverVC.nib/runtime.nib ... 
2342 bytes for ./Payload/腾讯连连.app/WCPopoverVC.nib/runtime.nib
copying file ./Payload/腾讯连连.app/WCUserCell.nib ... 
2020-06-09 06:35:36 +0000  3877 bytes for ./Payload/腾讯连连.app/WCUserCell.nib
copying file ./Payload/腾讯连连.app/WCFamilyInfoVC.nib/objects-11.0+.nib ... 
2020-06-09 06:35:36 +0000  2769 bytes for ./Payload/腾讯连连.app/WCFamilyInfoVC.nib/objects-11.0+.nib
copying file ./Payload/腾讯连连.app/WCFamilyInfoVC.nib/runtime.nib ... 
2020-06-09 06:35:36 +0000  2099 bytes for ./Payload/腾讯连连.app/WCFamilyInfoVC.nib/runtime.nib
copying file ./Payload/腾讯连连.app/sortedNameEN.plist ... 
2020-06-09 06:35:36 +0000  5113 bytes for ./Payload/腾讯连连.app/sortedNameEN.plist
copying file ./Payload/腾讯连连.app/sortedNameCH.plist ... 
2020-06-09 06:35:36 +0000  5082 bytes for ./Payload/腾讯连连.app/sortedNameCH.plist
2020-06-09 06:35:36 +0000  copying file ./Payload/腾讯连连.app/WCFamilyInfoCell.nib/objects-11.0+.nib ... 
2020-06-09 06:35:36 +0000  4787 bytes for ./Payload/腾讯连连.app/WCFamilyInfoCell.nib/objects-11.0+.nib
copying file ./Payload/腾讯连连.app/WCFamilyInfoCell.nib/runtime.nib ... 
2020-06-09 06:35:36 +0000  4763 bytes for ./Payload/腾讯连连.app/WCFamilyInfoCell.nib/runtime.nib
copying file ./Payload/腾讯连连.app/WCFamilyInfoCell.nib/objects-12.3+.nib ... 
2020-06-09 06:35:36 +0000  5001 bytes for ./Payload/腾讯连连.app/WCFamilyInfoCell.nib/objects-12.3+.nib
2020-06-09 06:35:36 +0000  copying file ./Payload/腾讯连连.app/WCRoomsVC.nib/objects-11.0+.nib ... 
2020-06-09 06:35:36 +0000  3091 bytes for ./Payload/腾讯连连.app/WCRoomsVC.nib/objects-11.0+.nib
copying file ./Payload/腾讯连连.app/WCRoomsVC.nib/runtime.nib ... 
2020-06-09 06:35:36 +0000  2565 bytes for ./Payload/腾讯连连.app/WCRoomsVC.nib/runtime.nib
copying file ./Payload/腾讯连连.app/embedded.mobileprovision ... 
2020-06-09 06:35:36 +0000  15625 bytes for ./Payload/腾讯连连.app/embedded.mobileprovision
2020-06-09 06:35:36 +0000  copying file ./Payload/腾讯连连.app/腾讯连连 ... 
2020-06-09 06:35:36 +0000  5979280 bytes for ./Payload/腾讯连连.app/腾讯连连
2020-06-09 06:35:36 +0000  copying file ./Payload/腾讯连连.app/WCRoomInfoVC.nib/objects-11.0+.nib ... 
2905 bytes for ./Payload/腾讯连连.app/WCRoomInfoVC.nib/objects-11.0+.nib
copying file ./Payload/腾讯连连.app/WCRoomInfoVC.nib/runtime.nib ... 
2383 bytes for ./Payload/腾讯连连.app/WCRoomInfoVC.nib/runtime.nib
copying file ./Payload/腾讯连连.app/Info.plist ... 
2020-06-09 06:35:36 +0000  1733 bytes for ./Payload/腾讯连连.app/Info.plist
copying file ./Payload/腾讯连连.app/WCAddRoomVC.nib/objects-11.0+.nib ... 
2020-06-09 06:35:36 +0000  5001 bytes for ./Payload/腾讯连连.app/WCAddRoomVC.nib/objects-11.0+.nib
copying file ./Payload/腾讯连连.app/WCAddRoomVC.nib/runtime.nib ... 
2020-06-09 06:35:36 +0000  4337 bytes for ./Payload/腾讯连连.app/WCAddRoomVC.nib/runtime.nib
2020-06-09 06:35:36 +0000  copying file ./Payload/腾讯连连.app/WCShareDevicesVC.nib/objects-11.0+.nib ... 
2020-06-09 06:35:36 +0000  2893 bytes for ./Payload/腾讯连连.app/WCShareDevicesVC.nib/objects-11.0+.nib
copying file ./Payload/腾讯连连.app/WCShareDevicesVC.nib/runtime.nib ... 
2020-06-09 06:35:36 +0000  2364 bytes for ./Payload/腾讯连连.app/WCShareDevicesVC.nib/runtime.nib
copying file ./Payload/腾讯连连.app/PkgInfo ... 
8 bytes for ./Payload/腾讯连连.app/PkgInfo
2020-06-09 06:35:36 +0000  copying file ./Payload/腾讯连连.app/WCAboutVC.nib/objects-11.0+.nib ... 
2020-06-09 06:35:36 +0000  7696 bytes for ./Payload/腾讯连连.app/WCAboutVC.nib/objects-11.0+.nib
2020-06-09 06:35:36 +0000  copying file ./Payload/腾讯连连.app/WCAboutVC.nib/runtime.nib ... 
2020-06-09 06:35:36 +0000  7030 bytes for ./Payload/腾讯连连.app/WCAboutVC.nib/runtime.nib
2020-06-09 06:35:36 +0000 [MT] /usr/bin/ditto exited with 0
2020-06-09 06:35:36 +0000 [MT] Processing step: IDEDistributionAppStoreInformationStep
2020-06-09 06:35:36 +0000 [MT] Skipping step: IDEDistributionAppStoreInformationStep because it said so
2020-06-09 06:35:36 +0000 [MT] Processing step: IDEDistributionGenerateProcessedDistributionItems
2020-06-09 06:35:37 +0000 [MT] Processing step: IDEDistributionCreateManifestStep
